This file contains any messages produced by compilers while
running configure, to aid debugging if configure makes a mistake.

It was created by vamp-plugin-sdk configure 2.10, which was
generated by GNU Autoconf 2.69.  Invocation command line was

  $ ./configure 

## --------- ##
## Platform. ##
## --------- ##

hostname = mango
uname -m = x86_64
uname -r = 5.15.0-76-generic
uname -s = Linux
uname -v = #83~20.04.1-Ubuntu SMP Wed Jun 21 20:23:31 UTC 2023

/usr/bin/uname -p = x86_64
/bin/uname -X     = unknown

/bin/arch              = x86_64
/usr/bin/arch -k       = unknown
/usr/convex/getsysinfo = unknown
/usr/bin/hostinfo      = unknown
/bin/machine           = unknown
/usr/bin/oslevel       = unknown
/bin/universe          = unknown

PATH: /home/alexis/.local/bin
PATH: /usr/local/sbin
PATH: /usr/local/bin
PATH: /usr/sbin
PATH: /usr/bin
PATH: /sbin
PATH: /bin
PATH: /usr/games
PATH: /usr/local/games
PATH: /snap/bin
PATH: /home/alexis/.dotnet/tools


## ----------- ##
## Core tests. ##
## ----------- ##

configure:2059: checking for g++
configure:2075: found /usr/bin/g++
configure:2086: result: g++
configure:2113: checking for C++ compiler version
configure:2122: g++ --version >&5
g++ (Ubuntu 9.4.0-1ubuntu1~20.04.1) 9.4.0
Copyright (C) 2019 Free Software Foundation, Inc.
This is free software; see the source for copying conditions.  There is NO
warranty; not even for MERCHANTABILITY or FITNESS FOR A PARTICULAR PURPOSE.

configure:2133: $? = 0
configure:2122: g++ -v >&5
Using built-in specs.
COLLECT_GCC=g++
COLLECT_LTO_WRAPPER=/usr/lib/gcc/x86_64-linux-gnu/9/lto-wrapper
OFFLOAD_TARGET_NAMES=nvptx-none:hsa
OFFLOAD_TARGET_DEFAULT=1
Target: x86_64-linux-gnu
Configured with: ../src/configure -v --with-pkgversion='Ubuntu 9.4.0-1ubuntu1~20.04.1' --with-bugurl=file:///usr/share/doc/gcc-9/README.Bugs --enable-languages=c,ada,c++,go,brig,d,fortran,objc,obj-c++,gm2 --prefix=/usr --with-gcc-major-version-only --program-suffix=-9 --program-prefix=x86_64-linux-gnu- --enable-shared --enable-linker-build-id --libexecdir=/usr/lib --without-included-gettext --enable-threads=posix --libdir=/usr/lib --enable-nls --enable-clocale=gnu --enable-libstdcxx-debug --enable-libstdcxx-time=yes --with-default-libstdcxx-abi=new --enable-gnu-unique-object --disable-vtable-verify --enable-plugin --enable-default-pie --with-system-zlib --with-target-system-zlib=auto --enable-objc-gc=auto --enable-multiarch --disable-werror --with-arch-32=i686 --with-abi=m64 --with-multilib-list=m32,m64,mx32 --enable-multilib --with-tune=generic --enable-offload-targets=nvptx-none=/build/gcc-9-Av3uEd/gcc-9-9.4.0/debian/tmp-nvptx/usr,hsa --without-cuda-driver --enable-checking=release --build=x86_64-linux-gnu --host=x86_64-linux-gnu --target=x86_64-linux-gnu
Thread model: posix
gcc version 9.4.0 (Ubuntu 9.4.0-1ubuntu1~20.04.1) 
configure:2133: $? = 0
configure:2122: g++ -V >&5
g++: error: unrecognized command line option '-V'
g++: fatal error: no input files
compilation terminated.
configure:2133: $? = 1
configure:2122: g++ -qversion >&5
g++: error: unrecognized command line option '-qversion'; did you mean '--version'?
g++: fatal error: no input files
compilation terminated.
configure:2133: $? = 1
configure:2153: checking whether the C++ compiler works
configure:2175: g++    conftest.cpp  >&5
configure:2179: $? = 0
configure:2227: result: yes
configure:2230: checking for C++ compiler default output file name
configure:2232: result: a.out
configure:2238: checking for suffix of executables
configure:2245: g++ -o conftest    conftest.cpp  >&5
configure:2249: $? = 0
configure:2271: result: 
configure:2293: checking whether we are cross compiling
configure:2301: g++ -o conftest    conftest.cpp  >&5
configure:2305: $? = 0
configure:2312: ./conftest
configure:2316: $? = 0
configure:2304: result: no
configure:2309: checking for suffix of object files
configure:2331: g++ -c   conftest.cpp >&5
configure:2335: $? = 0
configure:2356: result: o
configure:2360: checking whether we are using the GNU C++ compiler
configure:2379: g++ -c   conftest.cpp >&5
configure:2379: $? = 0
configure:2388: result: yes
configure:2397: checking whether g++ accepts -g
configure:2417: g++ -c -g  conftest.cpp >&5
configure:2417: $? = 0
configure:2458: result: yes
configure:2529: checking for gcc
configure:2545: found /usr/bin/gcc
configure:2556: result: gcc
configure:2785: checking for C compiler version
configure:2794: gcc --version >&5
gcc (Ubuntu 9.4.0-1ubuntu1~20.04.1) 9.4.0
Copyright (C) 2019 Free Software Foundation, Inc.
This is free software; see the source for copying conditions.  There is NO
warranty; not even for MERCHANTABILITY or FITNESS FOR A PARTICULAR PURPOSE.

configure:2805: $? = 0
configure:2794: gcc -v >&5
Using built-in specs.
COLLECT_GCC=gcc
COLLECT_LTO_WRAPPER=/usr/lib/gcc/x86_64-linux-gnu/9/lto-wrapper
OFFLOAD_TARGET_NAMES=nvptx-none:hsa
OFFLOAD_TARGET_DEFAULT=1
Target: x86_64-linux-gnu
Configured with: ../src/configure -v --with-pkgversion='Ubuntu 9.4.0-1ubuntu1~20.04.1' --with-bugurl=file:///usr/share/doc/gcc-9/README.Bugs --enable-languages=c,ada,c++,go,brig,d,fortran,objc,obj-c++,gm2 --prefix=/usr --with-gcc-major-version-only --program-suffix=-9 --program-prefix=x86_64-linux-gnu- --enable-shared --enable-linker-build-id --libexecdir=/usr/lib --without-included-gettext --enable-threads=posix --libdir=/usr/lib --enable-nls --enable-clocale=gnu --enable-libstdcxx-debug --enable-libstdcxx-time=yes --with-default-libstdcxx-abi=new --enable-gnu-unique-object --disable-vtable-verify --enable-plugin --enable-default-pie --with-system-zlib --with-target-system-zlib=auto --enable-objc-gc=auto --enable-multiarch --disable-werror --with-arch-32=i686 --with-abi=m64 --with-multilib-list=m32,m64,mx32 --enable-multilib --with-tune=generic --enable-offload-targets=nvptx-none=/build/gcc-9-Av3uEd/gcc-9-9.4.0/debian/tmp-nvptx/usr,hsa --without-cuda-driver --enable-checking=release --build=x86_64-linux-gnu --host=x86_64-linux-gnu --target=x86_64-linux-gnu
Thread model: posix
gcc version 9.4.0 (Ubuntu 9.4.0-1ubuntu1~20.04.1) 
configure:2805: $? = 0
configure:2794: gcc -V >&5
gcc: error: unrecognized command line option '-V'
gcc: fatal error: no input files
compilation terminated.
configure:2805: $? = 1
configure:2794: gcc -qversion >&5
gcc: error: unrecognized command line option '-qversion'; did you mean '--version'?
gcc: fatal error: no input files
compilation terminated.
configure:2805: $? = 1
configure:2809: checking whether we are using the GNU C compiler
configure:2828: gcc -c   conftest.c >&5
configure:2828: $? = 0
configure:2837: result: yes
configure:2846: checking whether gcc accepts -g
configure:2866: gcc -c -g  conftest.c >&5
configure:2866: $? = 0
configure:2907: result: yes
configure:2924: checking for gcc option to accept ISO C89
configure:2987: gcc  -c -g -O2  conftest.c >&5
configure:2987: $? = 0
configure:3000: result: none needed
configure:3026: checking how to run the C preprocessor
configure:3057: gcc -E  conftest.c
configure:3057: $? = 0
configure:3071: gcc -E  conftest.c
conftest.c:9:10: fatal error: ac_nonexistent.h: No such file or directory
    9 | #include <ac_nonexistent.h>
      |          ^~~~~~~~~~~~~~~~~~
compilation terminated.
configure:3071: $? = 1
configure: failed program was:
| /* confdefs.h */
| #define PACKAGE_NAME "vamp-plugin-sdk"
| #define PACKAGE_TARNAME "vamp-plugin-sdk"
| #define PACKAGE_VERSION "2.10"
| #define PACKAGE_STRING "vamp-plugin-sdk 2.10"
| #define PACKAGE_BUGREPORT "cannam@all-day-breakfast.com"
| #define PACKAGE_URL ""
| /* end confdefs.h.  */
| #include <ac_nonexistent.h>
configure:3096: result: gcc -E
configure:3116: gcc -E  conftest.c
configure:3116: $? = 0
configure:3130: gcc -E  conftest.c
conftest.c:9:10: fatal error: ac_nonexistent.h: No such file or directory
    9 | #include <ac_nonexistent.h>
      |          ^~~~~~~~~~~~~~~~~~
compilation terminated.
configure:3130: $? = 1
configure: failed program was:
| /* confdefs.h */
| #define PACKAGE_NAME "vamp-plugin-sdk"
| #define PACKAGE_TARNAME "vamp-plugin-sdk"
| #define PACKAGE_VERSION "2.10"
| #define PACKAGE_STRING "vamp-plugin-sdk 2.10"
| #define PACKAGE_BUGREPORT "cannam@all-day-breakfast.com"
| #define PACKAGE_URL ""
| /* end confdefs.h.  */
| #include <ac_nonexistent.h>
configure:3159: checking for grep that handles long lines and -e
configure:3217: result: /usr/bin/grep
configure:3222: checking for egrep
configure:3284: result: /usr/bin/grep -E
configure:3289: checking for ANSI C header files
configure:3309: gcc -c -g -O2  conftest.c >&5
configure:3309: $? = 0
configure:3382: gcc -o conftest -g -O2   conftest.c  >&5
configure:3382: $? = 0
configure:3382: ./conftest
configure:3382: $? = 0
configure:3393: result: yes
configure:3406: checking for sys/types.h
configure:3406: gcc -c -g -O2  conftest.c >&5
configure:3406: $? = 0
configure:3406: result: yes
configure:3406: checking for sys/stat.h
configure:3406: gcc -c -g -O2  conftest.c >&5
configure:3406: $? = 0
configure:3406: result: yes
configure:3406: checking for stdlib.h
configure:3406: gcc -c -g -O2  conftest.c >&5
configure:3406: $? = 0
configure:3406: result: yes
configure:3406: checking for string.h
configure:3406: gcc -c -g -O2  conftest.c >&5
configure:3406: $? = 0
configure:3406: result: yes
configure:3406: checking for memory.h
configure:3406: gcc -c -g -O2  conftest.c >&5
configure:3406: $? = 0
configure:3406: result: yes
configure:3406: checking for strings.h
configure:3406: gcc -c -g -O2  conftest.c >&5
configure:3406: $? = 0
configure:3406: result: yes
configure:3406: checking for inttypes.h
configure:3406: gcc -c -g -O2  conftest.c >&5
configure:3406: $? = 0
configure:3406: result: yes
configure:3406: checking for stdint.h
configure:3406: gcc -c -g -O2  conftest.c >&5
configure:3406: $? = 0
configure:3406: result: yes
configure:3406: checking for unistd.h
configure:3406: gcc -c -g -O2  conftest.c >&5
configure:3406: $? = 0
configure:3406: result: yes
configure:3418: checking whether byte ordering is bigendian
configure:3433: gcc -c -g -O2  conftest.c >&5
conftest.c:20:9: error: unknown type name 'not'
   20 |         not a universal capable compiler
      |         ^~~
conftest.c:20:15: error: expected '=', ',', ';', 'asm' or '__attribute__' before 'universal'
   20 |         not a universal capable compiler
      |               ^~~~~~~~~
conftest.c:20:15: error: unknown type name 'universal'
configure:3433: $? = 1
configure: failed program was:
| /* confdefs.h */
| #define PACKAGE_NAME "vamp-plugin-sdk"
| #define PACKAGE_TARNAME "vamp-plugin-sdk"
| #define PACKAGE_VERSION "2.10"
| #define PACKAGE_STRING "vamp-plugin-sdk 2.10"
| #define PACKAGE_BUGREPORT "cannam@all-day-breakfast.com"
| #define PACKAGE_URL ""
| #define STDC_HEADERS 1
| #define HAVE_SYS_TYPES_H 1
| #define HAVE_SYS_STAT_H 1
| #define HAVE_STDLIB_H 1
| #define HAVE_STRING_H 1
| #define HAVE_MEMORY_H 1
| #define HAVE_STRINGS_H 1
| #define HAVE_INTTYPES_H 1
| #define HAVE_STDINT_H 1
| #define HAVE_UNISTD_H 1
| /* end confdefs.h.  */
| #ifndef __APPLE_CC__
| 	       not a universal capable compiler
| 	     #endif
| 	     typedef int dummy;
| 
configure:3478: gcc -c -g -O2  conftest.c >&5
configure:3478: $? = 0
configure:3496: gcc -c -g -O2  conftest.c >&5
conftest.c: In function 'main':
conftest.c:26:4: error: unknown type name 'not'; did you mean 'ino_t'?
   26 |    not big endian
      |    ^~~
      |    ino_t
conftest.c:26:12: error: expected '=', ',', ';', 'asm' or '__attribute__' before 'endian'
   26 |    not big endian
      |            ^~~~~~
configure:3496: $? = 1
configure: failed program was:
| /* confdefs.h */
| #define PACKAGE_NAME "vamp-plugin-sdk"
| #define PACKAGE_TARNAME "vamp-plugin-sdk"
| #define PACKAGE_VERSION "2.10"
| #define PACKAGE_STRING "vamp-plugin-sdk 2.10"
| #define PACKAGE_BUGREPORT "cannam@all-day-breakfast.com"
| #define PACKAGE_URL ""
| #define STDC_HEADERS 1
| #define HAVE_SYS_TYPES_H 1
| #define HAVE_SYS_STAT_H 1
| #define HAVE_STDLIB_H 1
| #define HAVE_STRING_H 1
| #define HAVE_MEMORY_H 1
| #define HAVE_STRINGS_H 1
| #define HAVE_INTTYPES_H 1
| #define HAVE_STDINT_H 1
| #define HAVE_UNISTD_H 1
| /* end confdefs.h.  */
| #include <sys/types.h>
| 		#include <sys/param.h>
| 
| int
| main ()
| {
| #if BYTE_ORDER != BIG_ENDIAN
| 		 not big endian
| 		#endif
| 
|   ;
|   return 0;
| }
configure:3624: result: no
configure:3652: checking whether g++ supports C++11 features by default
configure:3686: g++ -c -g -O2  conftest.cpp >&5
configure:3686: $? = 0
configure:3693: result: yes
configure:3790: checking for library containing dlopen
configure:3821: gcc -o conftest -g -O2   conftest.c  >&5
/usr/bin/ld: /tmp/ccvNJbuW.o: in function `main':
/home/alexis/Bureau/Notable/notable/vamp-plugin-sdk/conftest.c:30: undefined reference to `dlopen'
collect2: error: ld returned 1 exit status
configure:3821: $? = 1
configure: failed program was:
| /* confdefs.h */
| #define PACKAGE_NAME "vamp-plugin-sdk"
| #define PACKAGE_TARNAME "vamp-plugin-sdk"
| #define PACKAGE_VERSION "2.10"
| #define PACKAGE_STRING "vamp-plugin-sdk 2.10"
| #define PACKAGE_BUGREPORT "cannam@all-day-breakfast.com"
| #define PACKAGE_URL ""
| #define STDC_HEADERS 1
| #define HAVE_SYS_TYPES_H 1
| #define HAVE_SYS_STAT_H 1
| #define HAVE_STDLIB_H 1
| #define HAVE_STRING_H 1
| #define HAVE_MEMORY_H 1
| #define HAVE_STRINGS_H 1
| #define HAVE_INTTYPES_H 1
| #define HAVE_STDINT_H 1
| #define HAVE_UNISTD_H 1
| /* end confdefs.h.  */
| 
| /* Override any GCC internal prototype to avoid an error.
|    Use char because int might match the return type of a GCC
|    builtin and then its argument prototype would still apply.  */
| #ifdef __cplusplus
| extern "C"
| #endif
| char dlopen ();
| int
| main ()
| {
| return dlopen ();
|   ;
|   return 0;
| }
configure:3821: gcc -o conftest -g -O2   conftest.c -ldl   >&5
configure:3821: $? = 0
configure:3838: result: -ldl
configure:3910: checking for pkg-config
configure:3928: found /usr/bin/pkg-config
configure:3940: result: /usr/bin/pkg-config
configure:3965: checking pkg-config is at least version 0.9.0
configure:3968: result: yes
configure:3978: checking for SNDFILE
configure:3985: $PKG_CONFIG --exists --print-errors "sndfile"
Package sndfile was not found in the pkg-config search path.
Perhaps you should add the directory containing `sndfile.pc'
to the PKG_CONFIG_PATH environment variable
No package 'sndfile' found
configure:3988: $? = 1
configure:4002: $PKG_CONFIG --exists --print-errors "sndfile"
Package sndfile was not found in the pkg-config search path.
Perhaps you should add the directory containing `sndfile.pc'
to the PKG_CONFIG_PATH environment variable
No package 'sndfile' found
configure:4005: $? = 1
configure:4019: result: no
No package 'sndfile' found
configure:4050: error: libsndfile not found - cannot build example Vamp host!
If you don't want to build the host, configure with --disable-programs.

## ---------------- ##
## Cache variables. ##
## ---------------- ##

ac_cv_c_bigendian=no
ac_cv_c_compiler_gnu=yes
ac_cv_cxx_compiler_gnu=yes
ac_cv_env_CCC_set=
ac_cv_env_CCC_value=
ac_cv_env_CC_set=
ac_cv_env_CC_value=
ac_cv_env_CFLAGS_set=
ac_cv_env_CFLAGS_value=
ac_cv_env_CPPFLAGS_set=
ac_cv_env_CPPFLAGS_value=
ac_cv_env_CPP_set=
ac_cv_env_CPP_value=
ac_cv_env_CXXFLAGS_set=
ac_cv_env_CXXFLAGS_value=
ac_cv_env_CXX_set=
ac_cv_env_CXX_value=
ac_cv_env_LDFLAGS_set=
ac_cv_env_LDFLAGS_value=
ac_cv_env_LIBS_set=
ac_cv_env_LIBS_value=
ac_cv_env_PKG_CONFIG_LIBDIR_set=
ac_cv_env_PKG_CONFIG_LIBDIR_value=
ac_cv_env_PKG_CONFIG_PATH_set=
ac_cv_env_PKG_CONFIG_PATH_value=
ac_cv_env_PKG_CONFIG_set=
ac_cv_env_PKG_CONFIG_value=
ac_cv_env_SNDFILE_CFLAGS_set=
ac_cv_env_SNDFILE_CFLAGS_value=
ac_cv_env_SNDFILE_LIBS_set=
ac_cv_env_SNDFILE_LIBS_value=
ac_cv_env_build_alias_set=
ac_cv_env_build_alias_value=
ac_cv_env_host_alias_set=
ac_cv_env_host_alias_value=
ac_cv_env_target_alias_set=
ac_cv_env_target_alias_value=
ac_cv_header_inttypes_h=yes
ac_cv_header_memory_h=yes
ac_cv_header_stdc=yes
ac_cv_header_stdint_h=yes
ac_cv_header_stdlib_h=yes
ac_cv_header_string_h=yes
ac_cv_header_strings_h=yes
ac_cv_header_sys_stat_h=yes
ac_cv_header_sys_types_h=yes
ac_cv_header_unistd_h=yes
ac_cv_objext=o
ac_cv_path_EGREP='/usr/bin/grep -E'
ac_cv_path_GREP=/usr/bin/grep
ac_cv_path_ac_pt_PKG_CONFIG=/usr/bin/pkg-config
ac_cv_prog_CPP='gcc -E'
ac_cv_prog_ac_ct_CC=gcc
ac_cv_prog_ac_ct_CXX=g++
ac_cv_prog_cc_c89=
ac_cv_prog_cc_g=yes
ac_cv_prog_cxx_g=yes
ac_cv_search_dlopen=-ldl
ax_cv_cxx_compile_cxx11=yes

## ----------------- ##
## Output variables. ##
## ----------------- ##

CC='gcc'
CFLAGS='-g -O2'
CPP='gcc -E'
CPPFLAGS=''
CXX='g++'
CXXFLAGS='-g -O2'
DEFS=''
ECHO_C=''
ECHO_N='-n'
ECHO_T=''
EGREP='/usr/bin/grep -E'
EXEEXT=''
GREP='/usr/bin/grep'
HAVE_CXX11=''
LDFLAGS=''
LIBOBJS=''
LIBS='-ldl '
LTLIBOBJS=''
OBJEXT='o'
PACKAGE_BUGREPORT='cannam@all-day-breakfast.com'
PACKAGE_NAME='vamp-plugin-sdk'
PACKAGE_STRING='vamp-plugin-sdk 2.10'
PACKAGE_TARNAME='vamp-plugin-sdk'
PACKAGE_URL=''
PACKAGE_VERSION='2.10'
PATH_SEPARATOR=':'
PKG_CONFIG='/usr/bin/pkg-config'
PKG_CONFIG_LIBDIR=''
PKG_CONFIG_PATH=''
SHELL='/bin/bash'
SNDFILE_CFLAGS=''
SNDFILE_LIBS=''
TARGETS=''
ac_ct_CC='gcc'
ac_ct_CXX='g++'
bindir='${exec_prefix}/bin'
build_alias=''
datadir='${datarootdir}'
datarootdir='${prefix}/share'
docdir='${datarootdir}/doc/${PACKAGE_TARNAME}'
dvidir='${docdir}'
exec_prefix='NONE'
host_alias=''
htmldir='${docdir}'
includedir='${prefix}/include'
infodir='${datarootdir}/info'
libdir='${exec_prefix}/lib'
libexecdir='${exec_prefix}/libexec'
localedir='${datarootdir}/locale'
localstatedir='${prefix}/var'
mandir='${datarootdir}/man'
oldincludedir='/usr/include'
pdfdir='${docdir}'
prefix='NONE'
program_transform_name='s,x,x,'
psdir='${docdir}'
sbindir='${exec_prefix}/sbin'
sharedstatedir='${prefix}/com'
sysconfdir='${prefix}/etc'
target_alias=''

## ----------- ##
## confdefs.h. ##
## ----------- ##

/* confdefs.h */
#define PACKAGE_NAME "vamp-plugin-sdk"
#define PACKAGE_TARNAME "vamp-plugin-sdk"
#define PACKAGE_VERSION "2.10"
#define PACKAGE_STRING "vamp-plugin-sdk 2.10"
#define PACKAGE_BUGREPORT "cannam@all-day-breakfast.com"
#define PACKAGE_URL ""
#define STDC_HEADERS 1
#define HAVE_SYS_TYPES_H 1
#define HAVE_SYS_STAT_H 1
#define HAVE_STDLIB_H 1
#define HAVE_STRING_H 1
#define HAVE_MEMORY_H 1
#define HAVE_STRINGS_H 1
#define HAVE_INTTYPES_H 1
#define HAVE_STDINT_H 1
#define HAVE_UNISTD_H 1

configure: exit 1
